[2019-08-21 10:39:48:395] [INFO] - com.lianwukeji.iot.device.simulator.service.HttpClientTemplate.doGet(HttpClientTemplate.java:50) - doGet uri=http://rds-dev.united-iot.com/addrs?names=device-gateway
[2019-08-21 10:39:48:405] [INFO] - com.lianwukeji.iot.device.simulator.service.HttpClientTemplate.doGet(HttpClientTemplate.java:55) - http
[2019-08-21 10:39:48:636] [INFO] - com.lianwukeji.iot.device.simulator.service.RdsService.getAddrs(RdsService.java:32) - 根据RDS服务获取<device-gateway>地址:{"result":1,"ts":1566355188620,"code":100.0,"msg":"Ok","returnValue":[{"name":"device-gateway","eff":"stable","addrs":["https://device-dev.united-iot.com"]}]}
[2019-08-21 10:39:49:677] [INFO] - com.lianwukeji.iot.device.simulator.service.DeviceGatewayService.getToken(DeviceGatewayService.java:89) - Auth S1={"result":2,"msg":"Device  not found.","code":207,"returnValue":null,"ts":1566355189668}
[2019-08-21 10:46:43:869] [INFO] - com.lianwukeji.iot.device.simulator.service.HttpClientTemplate.doGet(HttpClientTemplate.java:50) - doGet uri=http://rds-dev.united-iot.com/addrs?names=device-gateway
[2019-08-21 10:46:43:872] [INFO] - com.lianwukeji.iot.device.simulator.service.HttpClientTemplate.doGet(HttpClientTemplate.java:55) - http
[2019-08-21 10:46:44:032] [INFO] - com.lianwukeji.iot.device.simulator.service.RdsService.getAddrs(RdsService.java:32) - 根据RDS服务获取<device-gateway>地址:{"result":1,"ts":1566355604016,"code":100.0,"msg":"Ok","returnValue":[{"name":"device-gateway","eff":"stable","addrs":["https://device-dev.united-iot.com"]}]}
[2019-08-21 10:46:44:227] [INFO] - com.lianwukeji.iot.device.simulator.service.DeviceGatewayService.getToken(DeviceGatewayService.java:89) - Auth S1={"result":2,"msg":"Device  not found.","code":207,"returnValue":null,"ts":1566355604215}
[2019-08-21 10:48:25:879] [INFO] - com.lianwukeji.iot.device.simulator.service.HttpClientTemplate.doGet(HttpClientTemplate.java:50) - doGet uri=http://rds-dev.united-iot.com/addrs?names=device-gateway
[2019-08-21 10:48:25:882] [INFO] - com.lianwukeji.iot.device.simulator.service.HttpClientTemplate.doGet(HttpClientTemplate.java:55) - http
[2019-08-21 10:48:26:046] [INFO] - com.lianwukeji.iot.device.simulator.service.RdsService.getAddrs(RdsService.java:32) - 根据RDS服务获取<device-gateway>地址:{"result":1,"ts":1566355706024,"code":100.0,"msg":"Ok","returnValue":[{"name":"device-gateway","eff":"stable","addrs":["https://device-dev.united-iot.com"]}]}
[2019-08-21 10:48:26:243] [INFO] - com.lianwukeji.iot.device.simulator.service.DeviceGatewayService.getToken(DeviceGatewayService.java:89) - Auth S1={"result":2,"msg":"Device  not found.","code":207,"returnValue":null,"ts":1566355706230}
[2019-08-21 11:04:14:838] [ERROR] - com.lianwukeji.iot.device.simulator.RunApplication.init(RunApplication.java:73) -  Don't worry if we can't set the look and feel
javax.swing.UnsupportedLookAndFeelException: [The Microsoft Windows Look and Feel - com.sun.java.swing.plaf.windows.WindowsLookAndFeel] not supported on this platform
	at javax.swing.UIManager.setLookAndFeel(UIManager.java:526) ~[?:1.8.0_201]
	at javax.swing.UIManager.setLookAndFeel(UIManager.java:583) ~[?:1.8.0_201]
	at com.lianwukeji.iot.device.simulator.RunApplication.init(RunApplication.java:70) [classes/:?]
	at com.lianwukeji.iot.device.simulator.RunApplication.main(RunApplication.java:51) [classes/:?]
[2019-08-21 11:04:15:103] [INFO] - com.lianwukeji.iot.device.simulator.service.HttpClientTemplate.doGet(HttpClientTemplate.java:50) - doGet uri=http://rds-dev.united-iot.com/addrs?names=device-gateway
[2019-08-21 11:04:15:103] [INFO] - com.lianwukeji.iot.device.simulator.service.HttpClientTemplate.doGet(HttpClientTemplate.java:55) - http
[2019-08-21 11:04:15:274] [INFO] - com.lianwukeji.iot.device.simulator.service.RdsService.getAddrs(RdsService.java:32) - 根据RDS服务获取<device-gateway>地址:{"result":1,"ts":1566356655258,"code":100.0,"msg":"Ok","returnValue":[{"name":"device-gateway","eff":"stable","addrs":["https://device-dev.united-iot.com"]}]}
[2019-08-21 11:04:15:492] [INFO] - com.lianwukeji.iot.device.simulator.service.DeviceGatewayService.getToken(DeviceGatewayService.java:89) - Auth S1={"result":1,"msg":"OK","code":100,"returnValue":{"ticket":"7710f7f6a9944b9aabb359e71c9b2817","algos":["MD5","SHA1","SHA256"]},"ts":1566356655482}
[2019-08-21 11:04:15:524] [INFO] - com.lianwukeji.iot.device.simulator.service.DeviceGatewayService.getToken(DeviceGatewayService.java:104) - Auth S2={"result":1,"msg":"OK","code":100,"returnValue":{"msgDigest":"a26d28fc41be4b5f9df189f1558f0df5","ciphers":["AESCBC256","AESECB256","AESECB256NOPADDING","NOENCRYPT"]},"ts":1566356655515}
[2019-08-21 11:04:15:564] [INFO] - com.lianwukeji.iot.device.simulator.service.DeviceGatewayService.getToken(DeviceGatewayService.java:123) - Auth S3={"result":1,"msg":"OK","code":100,"returnValue":{"expireIn":86399,"token":"2100fdfb3c074316b9ac918147b995c3"},"ts":1566356655555}
[2019-08-21 11:04:15:605] [INFO] - com.lianwukeji.iot.device.simulator.service.DeviceGatewayService.initGroupList(DeviceGatewayService.java:63) - 获取组名单 Response={"result":1,"msg":"OK","code":100,"returnValue":{"groupid":"534c373d7bba490fa33888f9b1ccccc3","devices":[{"did":"575dbcf5c7e44ee4","type":"AP","asl":0,"authinfo":null,"commProtocol":"wifi","addr":"575dbcf5c7e44ee4"},{"did":"765a576c922b4883","type":"CP","asl":0,"authinfo":null,"commProtocol":"zigbee","addr":"765a576c922b4883"},{"did":"a93ee55897ef43c3","type":"CP","asl":0,"authinfo":null,"commProtocol":"zigbee","addr":"a93ee55897ef43c3"},{"did":"cf059829fa2941ed","type":"CP","asl":0,"authinfo":null,"commProtocol":"zigbee","addr":"cf059829fa2941ed"},{"did":"10baf0a3f9294db5","type":"CP","asl":0,"authinfo":null,"commProtocol":"zigbee","addr":"10baf0a3f9294db5"}]},"ts":1566356655596}
[2019-08-21 11:04:15:672] [INFO] - com.lianwukeji.iot.device.simulator.service.HttpClientTemplate.doGet(HttpClientTemplate.java:50) - doGet uri=http://rds-dev.united-iot.com/addrs?names=device-sub-unsafe
[2019-08-21 11:04:15:672] [INFO] - com.lianwukeji.iot.device.simulator.service.HttpClientTemplate.doGet(HttpClientTemplate.java:55) - http
[2019-08-21 11:04:15:695] [INFO] - com.lianwukeji.iot.device.simulator.service.RdsService.getAddrs(RdsService.java:32) - 根据RDS服务获取<device-sub-unsafe>地址:{"result":1,"ts":1566356655688,"code":100.0,"msg":"Ok","returnValue":[{"name":"device-sub-unsafe","eff":"stable","addrs":["39.97.128.117:1883"]}]}
