[2019-08-17 15:10:46:042] [INFO] - com.lianwukeji.iot.device.simulator.service.HttpClientTemplate.doGet(HttpClientTemplate.java:50) - doGet uri=http://rds.lianwukeji.com/addrs?names=device-gateway
[2019-08-17 15:10:46:046] [INFO] - com.lianwukeji.iot.device.simulator.service.HttpClientTemplate.doGet(HttpClientTemplate.java:55) - http
[2019-08-17 15:10:46:173] [INFO] - com.lianwukeji.iot.device.simulator.service.RdsService.getAddrs(RdsService.java:32) - 根据RDS服务获取<device-gateway>地址:{"result":1,"ts":1566025846159,"code":100.0,"msg":"Ok","returnValue":[{"name":"device-gateway","eff":"stable","addrs":["https://device.lianwukeji.com"]}]}
[2019-08-17 15:10:46:340] [INFO] - com.lianwukeji.iot.device.simulator.service.DeviceGatewayService.getToken(DeviceGatewayService.java:89) - Auth S1={"result":1,"msg":"OK","code":100,"returnValue":{"ticket":"efdf073001544d8fbac29610da1064ae","algos":["MD5","SHA1","SHA256"]},"ts":1566025846331}
[2019-08-17 15:10:46:377] [INFO] - com.lianwukeji.iot.device.simulator.service.DeviceGatewayService.getToken(DeviceGatewayService.java:100) - Auth S2={"result":1,"msg":"OK","code":100,"returnValue":{"msgDigest":"3ab354702cf749aead267787bf9b8263","ciphers":["AESCBC256","AESECB256","AESECB256NOPADDING","NOENCRYPT"]},"ts":1566025846369}
[2019-08-17 15:10:46:415] [INFO] - com.lianwukeji.iot.device.simulator.service.DeviceGatewayService.getToken(DeviceGatewayService.java:115) - Auth S3={"result":1,"msg":"OK","code":100,"returnValue":{"expireIn":86399,"token":"eae40533dbbf4f699e7e03d0dae37a1b"},"ts":1566025846407}
[2019-08-17 15:10:46:450] [INFO] - com.lianwukeji.iot.device.simulator.service.DeviceGatewayService.initGroupList(DeviceGatewayService.java:63) - 获取组名单 Response={"result":1,"msg":"OK","code":100,"returnValue":{"groupid":"1348c31b676943668250ba674587c4df","devices":[{"did":"52176794e6e34e60b4baa0451c539eb6","type":"AP","asl":0,"authinfo":null,"commProtocol":null,"addr":""},{"did":"e4ab6c9aabb2473e8b6eac283732643a","type":"CP","asl":0,"authinfo":null,"commProtocol":"BCG","addr":""},{"did":"447c86ce7e484d618aebd696b2baf437","type":"CP","asl":0,"authinfo":null,"commProtocol":"zigbee","addr":""}]},"ts":1566025846442}
[2019-08-17 15:10:46:520] [INFO] - com.lianwukeji.iot.device.simulator.service.HttpClientTemplate.doGet(HttpClientTemplate.java:50) - doGet uri=http://rds.lianwukeji.com/addrs?names=device-sub-unsafe
[2019-08-17 15:10:46:520] [INFO] - com.lianwukeji.iot.device.simulator.service.HttpClientTemplate.doGet(HttpClientTemplate.java:55) - http
[2019-08-17 15:10:46:541] [INFO] - com.lianwukeji.iot.device.simulator.service.RdsService.getAddrs(RdsService.java:32) - 根据RDS服务获取<device-sub-unsafe>地址:{"result":1,"ts":1566025846534,"code":100.0,"msg":"Ok","returnValue":[{"name":"device-sub-unsafe","eff":"stable","addrs":["39.105.225.253:1883"]}]}
[2019-08-17 15:10:49:763] [INFO] - com.lianwukeji.iot.device.simulator.service.DeviceGatewayService.getToken(DeviceGatewayService.java:89) - Auth S1={"result":1,"msg":"OK","code":100,"returnValue":{"ticket":"5b88541507cd4bc9a816411d520be3d4","algos":["MD5","SHA1","SHA256"]},"ts":1566025849754}
[2019-08-17 15:10:49:793] [INFO] - com.lianwukeji.iot.device.simulator.service.DeviceGatewayService.getToken(DeviceGatewayService.java:100) - Auth S2={"result":1,"msg":"OK","code":100,"returnValue":{"msgDigest":"4f3a08c789144fa89337b49d18097479","ciphers":["AESCBC256","AESECB256","AESECB256NOPADDING","NOENCRYPT"]},"ts":1566025849784}
[2019-08-17 15:10:49:823] [INFO] - com.lianwukeji.iot.device.simulator.service.DeviceGatewayService.getToken(DeviceGatewayService.java:115) - Auth S3={"result":1,"msg":"OK","code":100,"returnValue":{"expireIn":86399,"token":"e5895650a37f4119938527b092288ec3"},"ts":1566025849815}
[2019-08-17 15:10:54:901] [INFO] - com.lianwukeji.iot.device.simulator.service.DeviceGatewayService.postJoin(DeviceGatewayService.java:176) - Join body={"devices":[{"channel":1,"did":"52176794e6e34e60b4baa0451c539eb6"}],"did":"52176794e6e34e60b4baa0451c539eb6","token":"e5895650a37f4119938527b092288ec3","ts":1566025854899}
[2019-08-17 15:10:54:930] [INFO] - com.lianwukeji.iot.device.simulator.service.DeviceGatewayService.postJoin(DeviceGatewayService.java:178) - Post Join Response={"result":2,"msg":"Bad request.1566025854899","code":400,"returnValue":null,"ts":1566025854922}
[2019-08-17 15:10:54:931] [INFO] - com.lianwukeji.iot.device.simulator.service.DeviceGatewayService.postJoin(DeviceGatewayService.java:176) - Join body={"devices":[{"channel":1,"did":"e4ab6c9aabb2473e8b6eac283732643a"}],"did":"52176794e6e34e60b4baa0451c539eb6","token":"e5895650a37f4119938527b092288ec3","ts":1566025854931}
[2019-08-17 15:10:54:954] [INFO] - com.lianwukeji.iot.device.simulator.service.DeviceGatewayService.postJoin(DeviceGatewayService.java:178) - Post Join Response={"result":2,"msg":"Bad request.1566025854931","code":400,"returnValue":null,"ts":1566025854946}
[2019-08-17 15:10:54:955] [INFO] - com.lianwukeji.iot.device.simulator.service.DeviceGatewayService.postJoin(DeviceGatewayService.java:176) - Join body={"devices":[{"channel":1,"did":"447c86ce7e484d618aebd696b2baf437"}],"did":"52176794e6e34e60b4baa0451c539eb6","token":"e5895650a37f4119938527b092288ec3","ts":1566025854955}
[2019-08-17 15:10:54:978] [INFO] - com.lianwukeji.iot.device.simulator.service.DeviceGatewayService.postJoin(DeviceGatewayService.java:178) - Post Join Response={"result":2,"msg":"Bad request.1566025854955","code":400,"returnValue":null,"ts":1566025854970}
[2019-08-17 15:35:39:223] [INFO] - com.lianwukeji.iot.device.simulator.service.HttpClientTemplate.doGet(HttpClientTemplate.java:50) - doGet uri=http://rds.lianwukeji.com/addrs?names=device-gateway
[2019-08-17 15:35:39:227] [INFO] - com.lianwukeji.iot.device.simulator.service.HttpClientTemplate.doGet(HttpClientTemplate.java:55) - http
[2019-08-17 15:35:39:366] [INFO] - com.lianwukeji.iot.device.simulator.service.RdsService.getAddrs(RdsService.java:32) - 根据RDS服务获取<device-gateway>地址:{"result":1,"ts":1566027339337,"code":100.0,"msg":"Ok","returnValue":[{"name":"device-gateway","eff":"stable","addrs":["https://device.lianwukeji.com"]}]}
[2019-08-17 15:35:39:513] [INFO] - com.lianwukeji.iot.device.simulator.service.DeviceGatewayService.getToken(DeviceGatewayService.java:89) - Auth S1={"result":1,"msg":"OK","code":100,"returnValue":{"ticket":"f404f299cacb40c6906b407870a932a1","algos":["MD5","SHA1","SHA256"]},"ts":1566027339504}
[2019-08-17 15:35:39:540] [INFO] - com.lianwukeji.iot.device.simulator.service.DeviceGatewayService.getToken(DeviceGatewayService.java:100) - Auth S2={"result":1,"msg":"OK","code":100,"returnValue":{"msgDigest":"66c08b532a894b4289d33d6bd79690a5","ciphers":["AESCBC256","AESECB256","AESECB256NOPADDING","NOENCRYPT"]},"ts":1566027339533}
[2019-08-17 15:35:39:580] [INFO] - com.lianwukeji.iot.device.simulator.service.DeviceGatewayService.getToken(DeviceGatewayService.java:115) - Auth S3={"result":1,"msg":"OK","code":100,"returnValue":{"expireIn":86399,"token":"b5c605865af74a15b9ac523242324b3f"},"ts":1566027339572}
[2019-08-17 15:35:39:623] [INFO] - com.lianwukeji.iot.device.simulator.service.DeviceGatewayService.initGroupList(DeviceGatewayService.java:63) - 获取组名单 Response={"result":1,"msg":"OK","code":100,"returnValue":{"groupid":"1348c31b676943668250ba674587c4df","devices":[{"did":"52176794e6e34e60b4baa0451c539eb6","type":"AP","asl":0,"authinfo":null,"commProtocol":null,"addr":""},{"did":"e4ab6c9aabb2473e8b6eac283732643a","type":"CP","asl":0,"authinfo":null,"commProtocol":"BCG","addr":""},{"did":"447c86ce7e484d618aebd696b2baf437","type":"CP","asl":0,"authinfo":null,"commProtocol":"zigbee","addr":""}]},"ts":1566027339614}
[2019-08-17 15:35:39:723] [INFO] - com.lianwukeji.iot.device.simulator.service.HttpClientTemplate.doGet(HttpClientTemplate.java:50) - doGet uri=http://rds.lianwukeji.com/addrs?names=device-sub-unsafe
[2019-08-17 15:35:39:723] [INFO] - com.lianwukeji.iot.device.simulator.service.HttpClientTemplate.doGet(HttpClientTemplate.java:55) - http
[2019-08-17 15:35:39:742] [INFO] - com.lianwukeji.iot.device.simulator.service.RdsService.getAddrs(RdsService.java:32) - 根据RDS服务获取<device-sub-unsafe>地址:{"result":1,"ts":1566027339735,"code":100.0,"msg":"Ok","returnValue":[{"name":"device-sub-unsafe","eff":"stable","addrs":["39.105.225.253:1883"]}]}
[2019-08-17 15:35:42:503] [INFO] - com.lianwukeji.iot.device.simulator.service.DeviceGatewayService.getToken(DeviceGatewayService.java:89) - Auth S1={"result":1,"msg":"OK","code":100,"returnValue":{"ticket":"60316da52b9046ffa87f45bf3ae46864","algos":["MD5","SHA1","SHA256"]},"ts":1566027342492}
[2019-08-17 15:35:42:524] [INFO] - com.lianwukeji.iot.device.simulator.service.DeviceGatewayService.getToken(DeviceGatewayService.java:100) - Auth S2={"result":1,"msg":"OK","code":100,"returnValue":{"msgDigest":"3e747d06732546348bfe76510c8a8eb6","ciphers":["AESCBC256","AESECB256","AESECB256NOPADDING","NOENCRYPT"]},"ts":1566027342516}
[2019-08-17 15:35:42:560] [INFO] - com.lianwukeji.iot.device.simulator.service.DeviceGatewayService.getToken(DeviceGatewayService.java:115) - Auth S3={"result":1,"msg":"OK","code":100,"returnValue":{"expireIn":86399,"token":"f6b26ef937ae4f3e914e77ab619a2422"},"ts":1566027342547}
[2019-08-17 15:35:47:654] [INFO] - com.lianwukeji.iot.device.simulator.service.DeviceGatewayService.postJoin(DeviceGatewayService.java:176) - Join body={"devices":[{"channel":1,"did":"52176794e6e34e60b4baa0451c539eb6"}],"did":"52176794e6e34e60b4baa0451c539eb6","token":"f6b26ef937ae4f3e914e77ab619a2422","ts":1566027347653}
[2019-08-17 15:35:47:682] [INFO] - com.lianwukeji.iot.device.simulator.service.DeviceGatewayService.postJoin(DeviceGatewayService.java:178) - Post Join Response={"result":2,"msg":"Bad request.1566027347653","code":400,"returnValue":null,"ts":1566027347674}
[2019-08-17 15:35:47:682] [INFO] - com.lianwukeji.iot.device.simulator.service.DeviceGatewayService.postJoin(DeviceGatewayService.java:176) - Join body={"devices":[{"channel":1,"did":"e4ab6c9aabb2473e8b6eac283732643a"}],"did":"52176794e6e34e60b4baa0451c539eb6","token":"f6b26ef937ae4f3e914e77ab619a2422","ts":1566027347682}
[2019-08-17 15:35:47:711] [INFO] - com.lianwukeji.iot.device.simulator.service.DeviceGatewayService.postJoin(DeviceGatewayService.java:178) - Post Join Response={"result":2,"msg":"Bad request.1566027347682","code":400,"returnValue":null,"ts":1566027347697}
[2019-08-17 15:35:47:711] [INFO] - com.lianwukeji.iot.device.simulator.service.DeviceGatewayService.postJoin(DeviceGatewayService.java:176) - Join body={"devices":[{"channel":1,"did":"447c86ce7e484d618aebd696b2baf437"}],"did":"52176794e6e34e60b4baa0451c539eb6","token":"f6b26ef937ae4f3e914e77ab619a2422","ts":1566027347711}
[2019-08-17 15:35:47:742] [INFO] - com.lianwukeji.iot.device.simulator.service.DeviceGatewayService.postJoin(DeviceGatewayService.java:178) - Post Join Response={"result":2,"msg":"Bad request.1566027347711","code":400,"returnValue":null,"ts":1566027347728}
